Unity Editor version:    2021.2.8f1 (d0e5f0a7b06a)
Branch:                  2021.2/staging
Build type:              Release
Batch mode:              YES
macOS version:           Version 12.1 (Build 21C52)
Darwin version:          21.2.0
Architecture:            arm64
Running under Rosetta:   NO
Available memory:        16384 MB
Using pre-set license
Pro License: NO

COMMAND LINE ARGUMENTS:
/Applications/Unity/Hub/Editor/2021.2.8f1/Unity.app/Contents/MacOS/Unity
-adb2
-batchMode
-noUpm
-name
AssetImportWorker0
-projectPath
/Users/henriqueferreira/Projects/Tutorials/XR Playground/unity
-logFile
Logs/AssetImportWorker0.log
-srvPort
52695
Successfully changed project path to: /Users/henriqueferreira/Projects/Tutorials/XR Playground/unity
/Users/henriqueferreira/Projects/Tutorials/XR Playground/unity
[UnityMemory] Configuration Parameters - Can be set up in boot.config
    "memorysetup-bucket-allocator-granularity=16"
    "memorysetup-bucket-allocator-bucket-count=8"
    "memorysetup-bucket-allocator-block-size=33554432"
    "memorysetup-bucket-allocator-block-count=8"
    "memorysetup-main-allocator-block-size=16777216"
    "memorysetup-thread-allocator-block-size=16777216"
    "memorysetup-gfx-main-allocator-block-size=16777216"
    "memorysetup-gfx-thread-allocator-block-size=16777216"
    "memorysetup-cache-allocator-block-size=4194304"
    "memorysetup-typetree-allocator-block-size=2097152"
    "memorysetup-profiler-bucket-allocator-granularity=16"
    "memorysetup-profiler-bucket-allocator-bucket-count=8"
    "memorysetup-profiler-bucket-allocator-block-size=33554432"
    "memorysetup-profiler-bucket-allocator-block-count=8"
    "memorysetup-profiler-allocator-block-size=16777216"
    "memorysetup-profiler-editor-allocator-block-size=1048576"
    "memorysetup-temp-allocator-size-main=16777216"
    "memorysetup-job-temp-allocator-block-size=2097152"
    "memorysetup-job-temp-allocator-block-size-background=1048576"
    "memorysetup-job-temp-allocator-reduction-small-platforms=262144"
    "memorysetup-temp-allocator-size-background-worker=32768"
    "memorysetup-temp-allocator-size-job-worker=262144"
    "memorysetup-temp-allocator-size-preload-manager=33554432"
    "memorysetup-temp-allocator-size-nav-mesh-worker=65536"
    "memorysetup-temp-allocator-size-audio-worker=65536"
    "memorysetup-temp-allocator-size-cloud-worker=32768"
    "memorysetup-temp-allocator-size-gi-baking-worker=262144"
    "memorysetup-temp-allocator-size-gfx=262144"
Refreshing native plugins compatible for Editor in 68.33 ms, found 3 plugins.
Preloading 1 native plugins for Editor in 3.84 ms.
Initialize engine version: 2021.2.8f1 (d0e5f0a7b06a)
[Subsystems] Discovering subsystems at path /Applications/Unity/Hub/Editor/2021.2.8f1/Unity.app/Contents/Resources/UnitySubsystems
[Subsystems] Discovering subsystems at path /Users/henriqueferreira/Projects/Tutorials/XR Playground/unity/Assets
GfxDevice: creating device client; threaded=0; jobified=0
 preferred device: Apple M1 (high power)
Metal devices available: 1
0: Apple M1 (high power)
Using device Apple M1 (high power)
Initializing Metal device caps: Apple M1
Initialize mono
Mono path[0] = '/Applications/Unity/Hub/Editor/2021.2.8f1/Unity.app/Contents/Managed'
Mono path[1] = '/Applications/Unity/Hub/Editor/2021.2.8f1/Unity.app/Contents/MonoBleedingEdge/lib/mono/unityjit-macos'
Mono config path = '/Applications/Unity/Hub/Editor/2021.2.8f1/Unity.app/Contents/MonoBleedingEdge/etc'
Using monoOptions --debugger-agent=transport=dt_socket,embedding=1,server=y,suspend=n,address=127.0.0.1:56888
Begin MonoManager ReloadAssembly
Registering precompiled unity dll's ...
Register platform support module: /Applications/Unity/Hub/Editor/2021.2.8f1/PlaybackEngines/WebGLSupport/UnityEditor.WebGL.Extensions.dll
Register platform support module: /Applications/Unity/Hub/Editor/2021.2.8f1/Unity.app/Contents/PlaybackEngines/MacStandaloneSupport/UnityEditor.OSXStandalone.Extensions.dll
Registered in 0.002083 seconds.
Native extension for OSXStandalone target not found
Native extension for WebGL target not found
Refreshing native plugins compatible for Editor in 69.42 ms, found 3 plugins.
Preloading 1 native plugins for Editor in 0.22 ms.
Mono: successfully reloaded assembly
- Completed reload, in  0.394 seconds
Domain Reload Profiling:
	ReloadAssembly (395ms)
		BeginReloadAssembly (47ms)
			ExecutionOrderSort (0ms)
			DisableScriptedObjects (0ms)
			BackupInstance (0ms)
			ReleaseScriptingObjects (0ms)
			CreateAndSetChildDomain (0ms)
		EndReloadAssembly (299ms)
			LoadAssemblies (47ms)
			RebuildTransferFunctionScriptingTraits (0ms)
			SetupTypeCache (65ms)
			ReleaseScriptCaches (0ms)
			RebuildScriptCaches (18ms)
			SetupLoadedEditorAssemblies (186ms)
				LogAssemblyErrors (0ms)
				InitializePlatformSupportModulesInManaged (7ms)
				SetLoadedEditorAssemblies (0ms)
				RefreshPlugins (70ms)
				BeforeProcessingInitializeOnLoad (1ms)
				ProcessInitializeOnLoadAttributes (84ms)
				ProcessInitializeOnLoadMethodAttributes (24ms)
				AfterProcessingInitializeOnLoad (0ms)
				EditorAssembliesLoaded (0ms)
			ExecutionOrderSort2 (0ms)
			AwakeInstancesAfterBackupRestoration (0ms)
Platform modules already initialized, skipping
Registering precompiled user dll's ...
Registered in 0.001761 seconds.
Begin MonoManager ReloadAssembly
Symbol file data-0x1432c6e00 doesn't match image /Users/henriqueferreira/Projects/Tutorials/XR Playground/unity/Library/ScriptAssemblies/Assembly-CSharp.dll
Symbol file LoadedFromMemory is not a mono symbol file
Symbol file data-0x150258000 doesn't match image /Users/henriqueferreira/Projects/Tutorials/XR Playground/unity/Library/ScriptAssemblies/Unity.VisualScripting.Flow.Editor.dll
Symbol file LoadedFromMemory is not a mono symbol file
Symbol file data-0x1432c6e00 doesn't match image /Users/henriqueferreira/Projects/Tutorials/XR Playground/unity/Library/ScriptAssemblies/Unity.VSCode.Editor.dll
Symbol file LoadedFromMemory is not a mono symbol file
Symbol file data-0x150108000 doesn't match image /Users/henriqueferreira/Projects/Tutorials/XR Playground/unity/Library/ScriptAssemblies/Unity.TextMeshPro.Editor.dll
Symbol file LoadedFromMemory is not a mono symbol file
Symbol file data-0x150120000 doesn't match image /Users/henriqueferreira/Projects/Tutorials/XR Playground/unity/Library/ScriptAssemblies/Unity.VisualStudio.Editor.dll
Symbol file LoadedFromMemory is not a mono symbol file
Symbol file data-0x150170000 doesn't match image /Users/henriqueferreira/Projects/Tutorials/XR Playground/unity/Library/ScriptAssemblies/Unity.Performance.Profile-Analyzer.Editor.dll
Symbol file LoadedFromMemory is not a mono symbol file
Symbol file data-0x1431f3e00 doesn't match image /Users/henriqueferreira/Projects/Tutorials/XR Playground/unity/Library/ScriptAssemblies/Unity.TestTools.CodeCoverage.Editor.OpenCover.Model.dll
Symbol file LoadedFromMemory is not a mono symbol file
Symbol file data-0x150120000 doesn't match image /Users/henriqueferreira/Projects/Tutorials/XR Playground/unity/Library/ScriptAssemblies/UnityEngine.TestRunner.dll
Symbol file LoadedFromMemory is not a mono symbol file
Symbol file data-0x150120000 doesn't match image /Users/henriqueferreira/Projects/Tutorials/XR Playground/unity/Library/ScriptAssemblies/Unity.XR.Management.Editor.dll
Symbol file LoadedFromMemory is not a mono symbol file
Symbol file data-0x1501d0000 doesn't match image /Users/henriqueferreira/Projects/Tutorials/XR Playground/unity/Library/ScriptAssemblies/Unity.Timeline.dll
Symbol file LoadedFromMemory is not a mono symbol file
Symbol file data-0x150358000 doesn't match image /Users/henriqueferreira/Projects/Tutorials/XR Playground/unity/Library/ScriptAssemblies/Unity.VisualScripting.Core.Editor.dll
Symbol file LoadedFromMemory is not a mono symbol file
Symbol file data-0x1501d0000 doesn't match image /Users/henriqueferreira/Projects/Tutorials/XR Playground/unity/Library/ScriptAssemblies/Unity.TextMeshPro.dll
Symbol file LoadedFromMemory is not a mono symbol file
Symbol file data-0x150120000 doesn't match image /Users/henriqueferreira/Projects/Tutorials/XR Playground/unity/Library/ScriptAssemblies/Unity.VisualScripting.State.Editor.dll
Symbol file LoadedFromMemory is not a mono symbol file
Symbol file data-0x150370000 doesn't match image /Users/henriqueferreira/Projects/Tutorials/XR Playground/unity/Library/ScriptAssemblies/UnityEditor.TestRunner.dll
Symbol file LoadedFromMemory is not a mono symbol file
Symbol file data-0x150388000 doesn't match image /Users/henriqueferreira/Projects/Tutorials/XR Playground/unity/Library/ScriptAssemblies/Unity.XR.Interaction.Toolkit.dll
Symbol file LoadedFromMemory is not a mono symbol file
Symbol file data-0x143170600 doesn't match image /Users/henriqueferreira/Projects/Tutorials/XR Playground/unity/Library/ScriptAssemblies/Unity.VisualScripting.SettingsProvider.Editor.dll
Symbol file LoadedFromMemory is not a mono symbol file
Symbol file data-0x1342ae800 doesn't match image /Users/henriqueferreira/Projects/Tutorials/XR Playground/unity/Library/ScriptAssemblies/Unity.TestTools.CodeCoverage.Editor.OpenCover.Mono.Reflection.dll
Symbol file LoadedFromMemory is not a mono symbol file
Symbol file data-0x1345a1400 doesn't match image /Users/henriqueferreira/Projects/Tutorials/XR Playground/unity/Library/ScriptAssemblies/Unity.Subsystem.Registration.dll
Symbol file LoadedFromMemory is not a mono symbol file
Symbol file data-0x1392c8000 doesn't match image /Users/henriqueferreira/Projects/Tutorials/XR Playground/unity/Library/ScriptAssemblies/Unity.VisualScripting.Flow.dll
Symbol file LoadedFromMemory is not a mono symbol file
Symbol file data-0x139258000 doesn't match image /Users/henriqueferreira/Projects/Tutorials/XR Playground/unity/Library/ScriptAssemblies/UnityEditor.UI.dll
Symbol file LoadedFromMemory is not a mono symbol file
Symbol file data-0x139448000 doesn't match image /Users/henriqueferreira/Projects/Tutorials/XR Playground/unity/Library/ScriptAssemblies/Unity.InputSystem.dll
Symbol file LoadedFromMemory is not a mono symbol file
Symbol file data-0x1392c8000 doesn't match image /Users/henriqueferreira/Projects/Tutorials/XR Playground/unity/Library/ScriptAssemblies/Unity.Rider.Editor.dll
Symbol file LoadedFromMemory is not a mono symbol file
Symbol file data-0x1504d8000 doesn't match image /Users/henriqueferreira/Projects/Tutorials/XR Playground/unity/Library/ScriptAssemblies/Unity.PlasticSCM.Editor.dll
Symbol file LoadedFromMemory is not a mono symbol file
Symbol file data-0x150510000 doesn't match image /Users/henriqueferreira/Projects/Tutorials/XR Playground/unity/Library/ScriptAssemblies/UnityEngine.UI.dll
Symbol file LoadedFromMemory is not a mono symbol file
Symbol file data-0x143197800 doesn't match image /Users/henriqueferreira/Projects/Tutorials/XR Playground/unity/Library/ScriptAssemblies/UnityEngine.SpatialTracking.dll
Symbol file LoadedFromMemory is not a mono symbol file
Symbol file data-0x1505b8000 doesn't match image /Users/henriqueferreira/Projects/Tutorials/XR Playground/unity/Library/ScriptAssemblies/Unity.VisualScripting.Core.dll
Symbol file LoadedFromMemory is not a mono symbol file
Symbol file data-0x1342ae800 doesn't match image /Users/henriqueferreira/Projects/Tutorials/XR Playground/unity/Library/ScriptAssemblies/Unity.EditorCoroutines.Editor.dll
Symbol file LoadedFromMemory is not a mono symbol file
Symbol file data-0x1345ac200 doesn't match image /Users/henriqueferreira/Projects/Tutorials/XR Playground/unity/Library/ScriptAssemblies/Unity.XR.CoreUtils.Editor.dll
Symbol file LoadedFromMemory is not a mono symbol file
Symbol file data-0x1392d8000 doesn't match image /Users/henriqueferreira/Projects/Tutorials/XR Playground/unity/Library/ScriptAssemblies/Unity.Services.Core.Editor.dll
Symbol file LoadedFromMemory is not a mono symbol file
Symbol file data-0x1342b0000 doesn't match image /Users/henriqueferreira/Projects/Tutorials/XR Playground/unity/Library/ScriptAssemblies/UnityEngine.XR.LegacyInputHelpers.dll
Symbol file LoadedFromMemory is not a mono symbol file
Symbol file data-0x1345b4e00 doesn't match image /Users/henriqueferreira/Projects/Tutorials/XR Playground/unity/Library/ScriptAssemblies/Unity.VisualScripting.Shared.Editor.dll
Symbol file LoadedFromMemory is not a mono symbol file
Symbol file data-0x1345b9600 doesn't match image /Users/henriqueferreira/Projects/Tutorials/XR Playground/unity/Library/ScriptAssemblies/Unity.Settings.Editor.dll
Symbol file LoadedFromMemory is not a mono symbol file
Symbol file data-0x1280a0000 doesn't match image /Users/henriqueferreira/Projects/Tutorials/XR Playground/unity/Library/ScriptAssemblies/Unity.Timeline.Editor.dll
Symbol file LoadedFromMemory is not a mono symbol file
Symbol file data-0x139448000 doesn't match image /Users/henriqueferreira/Projects/Tutorials/XR Playground/unity/Library/ScriptAssemblies/Unity.XR.CoreUtils.dll
Symbol file LoadedFromMemory is not a mono symbol file
Symbol file data-0x1342b0000 doesn't match image /Users/henriqueferreira/Projects/Tutorials/XR Playground/unity/Library/ScriptAssemblies/UnityEditor.XR.LegacyInputHelpers.dll
Symbol file LoadedFromMemory is not a mono symbol file
Symbol file data-0x143197800 doesn't match image /Users/henriqueferreira/Projects/Tutorials/XR Playground/unity/Library/ScriptAssemblies/Unity.XR.Management.dll
Symbol file LoadedFromMemory is not a mono symbol file
Symbol file data-0x139448000 doesn't match image /Users/henriqueferreira/Projects/Tutorials/XR Playground/unity/Library/ScriptAssemblies/Unity.CollabProxy.Editor.dll
Symbol file LoadedFromMemory is not a mono symbol file
Symbol file data-0x1342b0000 doesn't match image /Users/henriqueferreira/Projects/Tutorials/XR Playground/unity/Library/ScriptAssemblies/Unity.XR.Oculus.Editor.dll
Symbol file LoadedFromMemory is not a mono symbol file
Symbol file data-0x139448000 doesn't match image /Users/henriqueferreira/Projects/Tutorials/XR Playground/unity/Library/ScriptAssemblies/Unity.XR.Interaction.Toolkit.Editor.dll
Symbol file LoadedFromMemory is not a mono symbol file
Symbol file data-0x1345c9600 doesn't match image /Users/henriqueferreira/Projects/Tutorials/XR Playground/unity/Library/ScriptAssemblies/UnityEditor.SpatialTracking.dll
Symbol file LoadedFromMemory is not a mono symbol file
Symbol file data-0x139448000 doesn't match image /Users/henriqueferreira/Projects/Tutorials/XR Playground/unity/Library/ScriptAssemblies/Unity.TestTools.CodeCoverage.Editor.dll
Symbol file LoadedFromMemory is not a mono symbol file
Symbol file data-0x1345cd800 doesn't match image /Users/henriqueferreira/Projects/Tutorials/XR Playground/unity/Library/ScriptAssemblies/Unity.XR.Oculus.dll
Symbol file LoadedFromMemory is not a mono symbol file
Symbol file data-0x1431b1a00 doesn't match image /Users/henriqueferreira/Projects/Tutorials/XR Playground/unity/Library/ScriptAssemblies/Unity.VisualScripting.State.dll
Symbol file LoadedFromMemory is not a mono symbol file
Symbol file LoadedFromMemory doesn't match image /Users/henriqueferreira/Projects/Tutorials/XR Playground/unity/Library/PackageCache/com.unity.visualscripting@1.7.6/Editor/VisualScripting.Core/Dependencies/YamlDotNet/Unity.VisualScripting.YamlDotNet.dll
Symbol file LoadedFromMemory doesn't match image /Users/henriqueferreira/Projects/Tutorials/XR Playground/unity/Library/PackageCache/com.unity.visualscripting@1.7.6/Editor/VisualScripting.Core/Dependencies/DotNetZip/Unity.VisualScripting.IonicZip.dll
Native extension for OSXStandalone target not found
Native extension for WebGL target not found
Refreshing native plugins compatible for Editor in 70.96 ms, found 3 plugins.
Preloading 1 native plugins for Editor in 0.21 ms.
Package Manager log level set to [2]
Mono: successfully reloaded assembly
- Completed reload, in  0.735 seconds
Domain Reload Profiling:
	ReloadAssembly (735ms)
		BeginReloadAssembly (60ms)
			ExecutionOrderSort (0ms)
			DisableScriptedObjects (3ms)
			BackupInstance (0ms)
			ReleaseScriptingObjects (0ms)
			CreateAndSetChildDomain (14ms)
		EndReloadAssembly (614ms)
			LoadAssemblies (49ms)
			RebuildTransferFunctionScriptingTraits (0ms)
			SetupTypeCache (171ms)
			ReleaseScriptCaches (0ms)
			RebuildScriptCaches (40ms)
			SetupLoadedEditorAssemblies (323ms)
				LogAssemblyErrors (0ms)
				InitializePlatformSupportModulesInManaged (5ms)
				SetLoadedEditorAssemblies (0ms)
				RefreshPlugins (71ms)
				BeforeProcessingInitializeOnLoad (59ms)
				ProcessInitializeOnLoadAttributes (175ms)
				ProcessInitializeOnLoadMethodAttributes (12ms)
				AfterProcessingInitializeOnLoad (1ms)
				EditorAssembliesLoaded (0ms)
			ExecutionOrderSort2 (0ms)
			AwakeInstancesAfterBackupRestoration (2ms)
Platform modules already initialized, skipping
========================================================================
Worker process is ready to serve import requests
Launching external process: /Applications/Unity/Hub/Editor/2021.2.8f1/Unity.app/Contents/Tools/UnityShaderCompiler
Launched and connected shader compiler UnityShaderCompiler after 0.05 seconds
Refreshing native plugins compatible for Editor in 0.45 ms, found 3 plugins.
Preloading 1 native plugins for Editor in 0.19 ms.
Unloading 3949 Unused Serialized files (Serialized files now loaded: 0)
Unloading 29 unused Assets / (44.0 KB). Loaded Objects now: 4409.
Memory consumption went from 250.8 MB to 250.8 MB.
Total: 2.406583 ms (FindLiveObjects: 0.125125 ms CreateObjectMapping: 0.049375 ms MarkObjects: 2.178750 ms  DeleteObjects: 0.052542 ms)

AssetImportParameters requested are different than current active one (requested -> active):
  custom:video-decoder-ogg-theora: a1e56fd34408186e4bbccfd4996cb3dc -> 
  custom:container-muxer-webm: aa71ff27fc2769a1b78a27578f13a17b -> 
  custom:container-demuxer-webm: 4f35f7cbe854078d1ac9338744f61a02 -> 
  custom:video-encoder-webm-vp8: eb34c28f22e8b96e1ab97ce403110664 -> 
  custom:framework-osx-AVFoundation: e770b220cccbd017edd2c1fefb359320 -> 
  custom:audio-encoder-webm-vorbis: bf7c407c2cedff20999df2af8eb42d56 -> 
  custom:container-demuxer-ogg: 62fdf1f143b41e24485cea50d1cbac27 -> 
  custom:video-decoder-webm-vp8: 9c59270c3fd7afecdb556c50c9e8de78 -> 
  custom:audio-decoder-ogg-vorbis: bf7c407c2cedff20999df2af8eb42d56 -> 
========================================================================
Received Import Request.
  Time since last request: 33874.721019 seconds.
  path: Assets/Scenes/WebXR.unity
  artifactKey: Guid(72b11c88374c94017b42274876f42c54) Importer(815301076,1909f56bfc062723c751e8b465ee728b)
Start importing Assets/Scenes/WebXR.unity using Guid(72b11c88374c94017b42274876f42c54) Importer(815301076,1909f56bfc062723c751e8b465ee728b)  -> (artifact id: '693f84b74b9a3982284a375a8f2f04bb') in 0.011103 seconds 
========================================================================
Received Prepare
Registering precompiled user dll's ...
Registered in 0.001681 seconds.
Begin MonoManager ReloadAssembly
Thread 0x17d4bb000 may have been prematurely finalized
Symbol file data-0x14371f200 doesn't match image /Users/henriqueferreira/Projects/Tutorials/XR Playground/unity/Library/ScriptAssemblies/Assembly-CSharp.dll
Symbol file LoadedFromMemory is not a mono symbol file
Symbol file data-0x1509d0000 doesn't match image /Users/henriqueferreira/Projects/Tutorials/XR Playground/unity/Library/ScriptAssemblies/Unity.VisualScripting.Flow.Editor.dll
Symbol file LoadedFromMemory is not a mono symbol file
Symbol file data-0x14371f200 doesn't match image /Users/henriqueferreira/Projects/Tutorials/XR Playground/unity/Library/ScriptAssemblies/Unity.VSCode.Editor.dll
Symbol file LoadedFromMemory is not a mono symbol file
Symbol file data-0x150a38000 doesn't match image /Users/henriqueferreira/Projects/Tutorials/XR Playground/unity/Library/ScriptAssemblies/Unity.TextMeshPro.Editor.dll
Symbol file LoadedFromMemory is not a mono symbol file
Symbol file data-0x1509d0000 doesn't match image /Users/henriqueferreira/Projects/Tutorials/XR Playground/unity/Library/ScriptAssemblies/Unity.VisualStudio.Editor.dll
Symbol file LoadedFromMemory is not a mono symbol file
Symbol file data-0x139a30000 doesn't match image /Users/henriqueferreira/Projects/Tutorials/XR Playground/unity/Library/ScriptAssemblies/Unity.Performance.Profile-Analyzer.Editor.dll
Symbol file LoadedFromMemory is not a mono symbol file
Symbol file data-0x16113ba00 doesn't match image /Users/henriqueferreira/Projects/Tutorials/XR Playground/unity/Library/ScriptAssemblies/Unity.TestTools.CodeCoverage.Editor.OpenCover.Model.dll
Symbol file LoadedFromMemory is not a mono symbol file
Symbol file data-0x139a50000 doesn't match image /Users/henriqueferreira/Projects/Tutorials/XR Playground/unity/Library/ScriptAssemblies/UnityEngine.TestRunner.dll
Symbol file LoadedFromMemory is not a mono symbol file
Symbol file data-0x139a50000 doesn't match image /Users/henriqueferreira/Projects/Tutorials/XR Playground/unity/Library/ScriptAssemblies/Unity.XR.Management.Editor.dll
Symbol file LoadedFromMemory is not a mono symbol file
Symbol file data-0x139b00000 doesn't match image /Users/henriqueferreira/Projects/Tutorials/XR Playground/unity/Library/ScriptAssemblies/Unity.Timeline.dll
Symbol file LoadedFromMemory is not a mono symbol file
Symbol file data-0x139b18000 doesn't match image /Users/henriqueferreira/Projects/Tutorials/XR Playground/unity/Library/ScriptAssemblies/Unity.VisualScripting.Core.Editor.dll
Symbol file LoadedFromMemory is not a mono symbol file
Symbol file data-0x150a50000 doesn't match image /Users/henriqueferreira/Projects/Tutorials/XR Playground/unity/Library/ScriptAssemblies/Unity.TextMeshPro.dll
Symbol file LoadedFromMemory is not a mono symbol file
Symbol file data-0x150a80000 doesn't match image /Users/henriqueferreira/Projects/Tutorials/XR Playground/unity/Library/ScriptAssemblies/Unity.VisualScripting.State.Editor.dll
Symbol file LoadedFromMemory is not a mono symbol file
Symbol file data-0x150a90000 doesn't match image /Users/henriqueferreira/Projects/Tutorials/XR Playground/unity/Library/ScriptAssemblies/UnityEditor.TestRunner.dll
Symbol file LoadedFromMemory is not a mono symbol file
Symbol file data-0x138cf8000 doesn't match image /Users/henriqueferreira/Projects/Tutorials/XR Playground/unity/Library/ScriptAssemblies/Unity.XR.Interaction.Toolkit.dll
Symbol file LoadedFromMemory is not a mono symbol file
Symbol file data-0x1610d5800 doesn't match image /Users/henriqueferreira/Projects/Tutorials/XR Playground/unity/Library/ScriptAssemblies/Unity.VisualScripting.SettingsProvider.Editor.dll
Symbol file LoadedFromMemory is not a mono symbol file
Symbol file data-0x16113ba00 doesn't match image /Users/henriqueferreira/Projects/Tutorials/XR Playground/unity/Library/ScriptAssemblies/Unity.TestTools.CodeCoverage.Editor.OpenCover.Mono.Reflection.dll
Symbol file LoadedFromMemory is not a mono symbol file
Symbol file data-0x161070c00 doesn't match image /Users/henriqueferreira/Projects/Tutorials/XR Playground/unity/Library/ScriptAssemblies/Unity.Subsystem.Registration.dll
Symbol file LoadedFromMemory is not a mono symbol file
Symbol file data-0x138d18000 doesn't match image /Users/henriqueferreira/Projects/Tutorials/XR Playground/unity/Library/ScriptAssemblies/Unity.VisualScripting.Flow.dll
Symbol file LoadedFromMemory is not a mono symbol file
Symbol file data-0x139a50000 doesn't match image /Users/henriqueferreira/Projects/Tutorials/XR Playground/unity/Library/ScriptAssemblies/UnityEditor.UI.dll
Symbol file LoadedFromMemory is not a mono symbol file
Symbol file data-0x128868000 doesn't match image /Users/henriqueferreira/Projects/Tutorials/XR Playground/unity/Library/ScriptAssemblies/Unity.InputSystem.dll
Symbol file LoadedFromMemory is not a mono symbol file
Symbol file data-0x1288f8000 doesn't match image /Users/henriqueferreira/Projects/Tutorials/XR Playground/unity/Library/ScriptAssemblies/Unity.Rider.Editor.dll
Symbol file LoadedFromMemory is not a mono symbol file
Symbol file data-0x128908000 doesn't match image /Users/henriqueferreira/Projects/Tutorials/XR Playground/unity/Library/ScriptAssemblies/Unity.PlasticSCM.Editor.dll
Symbol file LoadedFromMemory is not a mono symbol file
Symbol file data-0x128980000 doesn't match image /Users/henriqueferreira/Projects/Tutorials/XR Playground/unity/Library/ScriptAssemblies/UnityEngine.UI.dll
Symbol file LoadedFromMemory is not a mono symbol file
Symbol file data-0x14482d800 doesn't match image /Users/henriqueferreira/Projects/Tutorials/XR Playground/unity/Library/ScriptAssemblies/UnityEngine.SpatialTracking.dll
Symbol file LoadedFromMemory is not a mono symbol file
Symbol file data-0x1288f8000 doesn't match image /Users/henriqueferreira/Projects/Tutorials/XR Playground/unity/Library/ScriptAssemblies/Unity.VisualScripting.Core.dll
Symbol file LoadedFromMemory is not a mono symbol file
Symbol file data-0x14482d800 doesn't match image /Users/henriqueferreira/Projects/Tutorials/XR Playground/unity/Library/ScriptAssemblies/Unity.EditorCoroutines.Editor.dll
Symbol file LoadedFromMemory is not a mono symbol file
Symbol file data-0x144aaa600 doesn't match image /Users/henriqueferreira/Projects/Tutorials/XR Playground/unity/Library/ScriptAssemblies/Unity.XR.CoreUtils.Editor.dll
Symbol file LoadedFromMemory is not a mono symbol file
Symbol file data-0x128990000 doesn't match image /Users/henriqueferreira/Projects/Tutorials/XR Playground/unity/Library/ScriptAssemblies/Unity.Services.Core.Editor.dll
Symbol file LoadedFromMemory is not a mono symbol file
Symbol file data-0x16113ba00 doesn't match image /Users/henriqueferreira/Projects/Tutorials/XR Playground/unity/Library/ScriptAssemblies/UnityEngine.XR.LegacyInputHelpers.dll
Symbol file LoadedFromMemory is not a mono symbol file
Symbol file data-0x1610d5800 doesn't match image /Users/henriqueferreira/Projects/Tutorials/XR Playground/unity/Library/ScriptAssemblies/Unity.VisualScripting.Shared.Editor.dll
Symbol file LoadedFromMemory is not a mono symbol file
Symbol file data-0x16113ba00 doesn't match image /Users/henriqueferreira/Projects/Tutorials/XR Playground/unity/Library/ScriptAssemblies/Unity.Settings.Editor.dll
Symbol file LoadedFromMemory is not a mono symbol file
Symbol file data-0x150b50000 doesn't match image /Users/henriqueferreira/Projects/Tutorials/XR Playground/unity/Library/ScriptAssemblies/Unity.Timeline.Editor.dll
Symbol file LoadedFromMemory is not a mono symbol file
Symbol file data-0x150a90000 doesn't match image /Users/henriqueferreira/Projects/Tutorials/XR Playground/unity/Library/ScriptAssemblies/Unity.XR.CoreUtils.dll
Symbol file LoadedFromMemory is not a mono symbol file
Symbol file data-0x143725200 doesn't match image /Users/henriqueferreira/Projects/Tutorials/XR Playground/unity/Library/ScriptAssemblies/UnityEditor.XR.LegacyInputHelpers.dll
Symbol file LoadedFromMemory is not a mono symbol file
Symbol file data-0x14372de00 doesn't match image /Users/henriqueferreira/Projects/Tutorials/XR Playground/unity/Library/ScriptAssemblies/Unity.XR.Management.dll
Symbol file LoadedFromMemory is not a mono symbol file
Symbol file data-0x150a90000 doesn't match image /Users/henriqueferreira/Projects/Tutorials/XR Playground/unity/Library/ScriptAssemblies/Unity.CollabProxy.Editor.dll
Symbol file LoadedFromMemory is not a mono symbol file
Symbol file data-0x143725200 doesn't match image /Users/henriqueferreira/Projects/Tutorials/XR Playground/unity/Library/ScriptAssemblies/Unity.XR.Oculus.Editor.dll
Symbol file LoadedFromMemory is not a mono symbol file
Symbol file data-0x150a90000 doesn't match image /Users/henriqueferreira/Projects/Tutorials/XR Playground/unity/Library/ScriptAssemblies/Unity.XR.Interaction.Toolkit.Editor.dll
Symbol file LoadedFromMemory is not a mono symbol file
Symbol file data-0x143725200 doesn't match image /Users/henriqueferreira/Projects/Tutorials/XR Playground/unity/Library/ScriptAssemblies/UnityEditor.SpatialTracking.dll
Symbol file LoadedFromMemory is not a mono symbol file
Symbol file data-0x150a90000 doesn't match image /Users/henriqueferreira/Projects/Tutorials/XR Playground/unity/Library/ScriptAssemblies/Unity.TestTools.CodeCoverage.Editor.dll
Symbol file LoadedFromMemory is not a mono symbol file
Symbol file data-0x143733a00 doesn't match image /Users/henriqueferreira/Projects/Tutorials/XR Playground/unity/Library/ScriptAssemblies/Unity.XR.Oculus.dll
Symbol file LoadedFromMemory is not a mono symbol file
Symbol file data-0x143740800 doesn't match image /Users/henriqueferreira/Projects/Tutorials/XR Playground/unity/Library/ScriptAssemblies/Unity.VisualScripting.State.dll
Symbol file LoadedFromMemory is not a mono symbol file
Symbol file LoadedFromMemory doesn't match image /Users/henriqueferreira/Projects/Tutorials/XR Playground/unity/Library/PackageCache/com.unity.visualscripting@1.7.6/Editor/VisualScripting.Core/Dependencies/YamlDotNet/Unity.VisualScripting.YamlDotNet.dll
Symbol file LoadedFromMemory doesn't match image /Users/henriqueferreira/Projects/Tutorials/XR Playground/unity/Library/PackageCache/com.unity.visualscripting@1.7.6/Editor/VisualScripting.Core/Dependencies/DotNetZip/Unity.VisualScripting.IonicZip.dll
Native extension for OSXStandalone target not found
Native extension for WebGL target not found
Refreshing native plugins compatible for Editor in 0.50 ms, found 3 plugins.
Preloading 1 native plugins for Editor in 0.21 ms.
Mono: successfully reloaded assembly
- Completed reload, in  0.613 seconds
Domain Reload Profiling:
	ReloadAssembly (614ms)
		BeginReloadAssembly (74ms)
			ExecutionOrderSort (0ms)
			DisableScriptedObjects (3ms)
			BackupInstance (0ms)
			ReleaseScriptingObjects (0ms)
			CreateAndSetChildDomain (24ms)
		EndReloadAssembly (483ms)
			LoadAssemblies (36ms)
			RebuildTransferFunctionScriptingTraits (0ms)
			SetupTypeCache (179ms)
			ReleaseScriptCaches (1ms)
			RebuildScriptCaches (28ms)
			SetupLoadedEditorAssemblies (204ms)
				LogAssemblyErrors (0ms)
				InitializePlatformSupportModulesInManaged (5ms)
				SetLoadedEditorAssemblies (0ms)
				RefreshPlugins (1ms)
				BeforeProcessingInitializeOnLoad (38ms)
				ProcessInitializeOnLoadAttributes (146ms)
				ProcessInitializeOnLoadMethodAttributes (12ms)
				AfterProcessingInitializeOnLoad (1ms)
				EditorAssembliesLoaded (0ms)
			ExecutionOrderSort2 (0ms)
			AwakeInstancesAfterBackupRestoration (2ms)
Platform modules already initialized, skipping
Switching build target platform(2) subTarget(0) extendedPlatform(0) -> platform(13) subTarget(0) extendedPlatform(0)
Refreshing native plugins compatible for Editor in 0.38 ms, found 3 plugins.
Preloading 1 native plugins for Editor in 0.20 ms.
Unloading 3949 Unused Serialized files (Serialized files now loaded: 0)
Unloading 22 unused Assets / (22.9 KB). Loaded Objects now: 4428.
Memory consumption went from 251.0 MB to 251.0 MB.
Total: 2.308583 ms (FindLiveObjects: 0.126916 ms CreateObjectMapping: 0.052334 ms MarkObjects: 2.111125 ms  DeleteObjects: 0.017291 ms)

AssetImportParameters requested are different than current active one (requested -> active):
  custom:video-decoder-ogg-theora: a1e56fd34408186e4bbccfd4996cb3dc -> 
  custom:container-muxer-webm: aa71ff27fc2769a1b78a27578f13a17b -> 
  custom:container-demuxer-webm: 4f35f7cbe854078d1ac9338744f61a02 -> 
  custom:video-encoder-webm-vp8: eb34c28f22e8b96e1ab97ce403110664 -> 
  custom:framework-osx-AVFoundation: e770b220cccbd017edd2c1fefb359320 -> 
  custom:audio-encoder-webm-vorbis: bf7c407c2cedff20999df2af8eb42d56 -> 
  custom:container-demuxer-ogg: 62fdf1f143b41e24485cea50d1cbac27 -> 
  custom:video-decoder-webm-vp8: 9c59270c3fd7afecdb556c50c9e8de78 -> 
  custom:audio-decoder-ogg-vorbis: bf7c407c2cedff20999df2af8eb42d56 -> 
========================================================================
Received Prepare
Registering precompiled user dll's ...
Registered in 0.001604 seconds.
Begin MonoManager ReloadAssembly
Thread 0x16b1ff000 may have been prematurely finalized
Symbol file data-0x161439a00 doesn't match image /Users/henriqueferreira/Projects/Tutorials/XR Playground/unity/Library/ScriptAssemblies/Assembly-CSharp.dll
Symbol file LoadedFromMemory is not a mono symbol file
Symbol file data-0x151100000 doesn't match image /Users/henriqueferreira/Projects/Tutorials/XR Playground/unity/Library/ScriptAssemblies/Unity.VisualScripting.Flow.Editor.dll
Symbol file LoadedFromMemory is not a mono symbol file
Symbol file data-0x161439a00 doesn't match image /Users/henriqueferreira/Projects/Tutorials/XR Playground/unity/Library/ScriptAssemblies/Unity.VSCode.Editor.dll
Symbol file LoadedFromMemory is not a mono symbol file
Symbol file data-0x151170000 doesn't match image /Users/henriqueferreira/Projects/Tutorials/XR Playground/unity/Library/ScriptAssemblies/Unity.TextMeshPro.Editor.dll
Symbol file LoadedFromMemory is not a mono symbol file
Symbol file data-0x151100000 doesn't match image /Users/henriqueferreira/Projects/Tutorials/XR Playground/unity/Library/ScriptAssemblies/Unity.VisualStudio.Editor.dll
Symbol file LoadedFromMemory is not a mono symbol file
Symbol file data-0x1511c8000 doesn't match image /Users/henriqueferreira/Projects/Tutorials/XR Playground/unity/Library/ScriptAssemblies/Unity.Performance.Profile-Analyzer.Editor.dll
Symbol file LoadedFromMemory is not a mono symbol file
Symbol file data-0x16143f600 doesn't match image /Users/henriqueferreira/Projects/Tutorials/XR Playground/unity/Library/ScriptAssemblies/Unity.TestTools.CodeCoverage.Editor.OpenCover.Model.dll
Symbol file LoadedFromMemory is not a mono symbol file
Symbol file data-0x151100000 doesn't match image /Users/henriqueferreira/Projects/Tutorials/XR Playground/unity/Library/ScriptAssemblies/UnityEngine.TestRunner.dll
Symbol file LoadedFromMemory is not a mono symbol file
Symbol file data-0x151100000 doesn't match image /Users/henriqueferreira/Projects/Tutorials/XR Playground/unity/Library/ScriptAssemblies/Unity.XR.Management.Editor.dll
Symbol file LoadedFromMemory is not a mono symbol file
Symbol file data-0x151210000 doesn't match image /Users/henriqueferreira/Projects/Tutorials/XR Playground/unity/Library/ScriptAssemblies/Unity.Timeline.dll
Symbol file LoadedFromMemory is not a mono symbol file
Symbol file data-0x151328000 doesn't match image /Users/henriqueferreira/Projects/Tutorials/XR Playground/unity/Library/ScriptAssemblies/Unity.VisualScripting.Core.Editor.dll
Symbol file LoadedFromMemory is not a mono symbol file
Symbol file data-0x1483e0000 doesn't match image /Users/henriqueferreira/Projects/Tutorials/XR Playground/unity/Library/ScriptAssemblies/Unity.TextMeshPro.dll
Symbol file LoadedFromMemory is not a mono symbol file
Symbol file data-0x148348000 doesn't match image /Users/henriqueferreira/Projects/Tutorials/XR Playground/unity/Library/ScriptAssemblies/Unity.VisualScripting.State.Editor.dll
Symbol file LoadedFromMemory is not a mono symbol file
Symbol file data-0x128048000 doesn't match image /Users/henriqueferreira/Projects/Tutorials/XR Playground/unity/Library/ScriptAssemblies/UnityEditor.TestRunner.dll
Symbol file LoadedFromMemory is not a mono symbol file
Symbol file data-0x1280c0000 doesn't match image /Users/henriqueferreira/Projects/Tutorials/XR Playground/unity/Library/ScriptAssemblies/Unity.XR.Interaction.Toolkit.dll
Symbol file LoadedFromMemory is not a mono symbol file
Symbol file data-0x14792b000 doesn't match image /Users/henriqueferreira/Projects/Tutorials/XR Playground/unity/Library/ScriptAssemblies/Unity.VisualScripting.SettingsProvider.Editor.dll
Symbol file LoadedFromMemory is not a mono symbol file
Symbol file data-0x147932a00 doesn't match image /Users/henriqueferreira/Projects/Tutorials/XR Playground/unity/Library/ScriptAssemblies/Unity.TestTools.CodeCoverage.Editor.OpenCover.Mono.Reflection.dll
Symbol file LoadedFromMemory is not a mono symbol file
Symbol file data-0x147937400 doesn't match image /Users/henriqueferreira/Projects/Tutorials/XR Playground/unity/Library/ScriptAssemblies/Unity.Subsystem.Registration.dll
Symbol file LoadedFromMemory is not a mono symbol file
Symbol file data-0x128138000 doesn't match image /Users/henriqueferreira/Projects/Tutorials/XR Playground/unity/Library/ScriptAssemblies/Unity.VisualScripting.Flow.dll
Symbol file LoadedFromMemory is not a mono symbol file
Symbol file data-0x1280c0000 doesn't match image /Users/henriqueferreira/Projects/Tutorials/XR Playground/unity/Library/ScriptAssemblies/UnityEditor.UI.dll
Symbol file LoadedFromMemory is not a mono symbol file
Symbol file data-0x1514d0000 doesn't match image /Users/henriqueferreira/Projects/Tutorials/XR Playground/unity/Library/ScriptAssemblies/Unity.InputSystem.dll
Symbol file LoadedFromMemory is not a mono symbol file
Symbol file data-0x151100000 doesn't match image /Users/henriqueferreira/Projects/Tutorials/XR Playground/unity/Library/ScriptAssemblies/Unity.Rider.Editor.dll
Symbol file LoadedFromMemory is not a mono symbol file
Symbol file data-0x1281b0000 doesn't match image /Users/henriqueferreira/Projects/Tutorials/XR Playground/unity/Library/ScriptAssemblies/Unity.PlasticSCM.Editor.dll
Symbol file LoadedFromMemory is not a mono symbol file
Symbol file data-0x1280c0000 doesn't match image /Users/henriqueferreira/Projects/Tutorials/XR Playground/unity/Library/ScriptAssemblies/UnityEngine.UI.dll
Symbol file LoadedFromMemory is not a mono symbol file
Symbol file data-0x147935200 doesn't match image /Users/henriqueferreira/Projects/Tutorials/XR Playground/unity/Library/ScriptAssemblies/UnityEngine.SpatialTracking.dll
Symbol file LoadedFromMemory is not a mono symbol file
Symbol file data-0x1282b0000 doesn't match image /Users/henriqueferreira/Projects/Tutorials/XR Playground/unity/Library/ScriptAssemblies/Unity.VisualScripting.Core.dll
Symbol file LoadedFromMemory is not a mono symbol file
Symbol file data-0x147939e00 doesn't match image /Users/henriqueferreira/Projects/Tutorials/XR Playground/unity/Library/ScriptAssemblies/Unity.EditorCoroutines.Editor.dll
Symbol file LoadedFromMemory is not a mono symbol file
Symbol file data-0x147945200 doesn't match image /Users/henriqueferreira/Projects/Tutorials/XR Playground/unity/Library/ScriptAssemblies/Unity.XR.CoreUtils.Editor.dll
Symbol file LoadedFromMemory is not a mono symbol file
Symbol file data-0x1280d0000 doesn't match image /Users/henriqueferreira/Projects/Tutorials/XR Playground/unity/Library/ScriptAssemblies/Unity.Services.Core.Editor.dll
Symbol file LoadedFromMemory is not a mono symbol file
Symbol file data-0x14794aa00 doesn't match image /Users/henriqueferreira/Projects/Tutorials/XR Playground/unity/Library/ScriptAssemblies/UnityEngine.XR.LegacyInputHelpers.dll
Symbol file LoadedFromMemory is not a mono symbol file
Symbol file data-0x147950000 doesn't match image /Users/henriqueferreira/Projects/Tutorials/XR Playground/unity/Library/ScriptAssemblies/Unity.VisualScripting.Shared.Editor.dll
Symbol file LoadedFromMemory is not a mono symbol file
Symbol file data-0x14794f200 doesn't match image /Users/henriqueferreira/Projects/Tutorials/XR Playground/unity/Library/ScriptAssemblies/Unity.Settings.Editor.dll
Symbol file LoadedFromMemory is not a mono symbol file
Symbol file data-0x128358000 doesn't match image /Users/henriqueferreira/Projects/Tutorials/XR Playground/unity/Library/ScriptAssemblies/Unity.Timeline.Editor.dll
Symbol file LoadedFromMemory is not a mono symbol file
Symbol file data-0x1281c0000 doesn't match image /Users/henriqueferreira/Projects/Tutorials/XR Playground/unity/Library/ScriptAssemblies/Unity.XR.CoreUtils.dll
Symbol file LoadedFromMemory is not a mono symbol file
Symbol file data-0x147951200 doesn't match image /Users/henriqueferreira/Projects/Tutorials/XR Playground/unity/Library/ScriptAssemblies/UnityEditor.XR.LegacyInputHelpers.dll
Symbol file LoadedFromMemory is not a mono symbol file
Symbol file data-0x14795a600 doesn't match image /Users/henriqueferreira/Projects/Tutorials/XR Playground/unity/Library/ScriptAssemblies/Unity.XR.Management.dll
Symbol file LoadedFromMemory is not a mono symbol file
Symbol file data-0x1281c0000 doesn't match image /Users/henriqueferreira/Projects/Tutorials/XR Playground/unity/Library/ScriptAssemblies/Unity.CollabProxy.Editor.dll
Symbol file LoadedFromMemory is not a mono symbol file
Symbol file data-0x14795fa00 doesn't match image /Users/henriqueferreira/Projects/Tutorials/XR Playground/unity/Library/ScriptAssemblies/Unity.XR.Oculus.Editor.dll
Symbol file LoadedFromMemory is not a mono symbol file
Symbol file data-0x1281c0000 doesn't match image /Users/henriqueferreira/Projects/Tutorials/XR Playground/unity/Library/ScriptAssemblies/Unity.XR.Interaction.Toolkit.Editor.dll
Symbol file LoadedFromMemory is not a mono symbol file
Symbol file data-0x14795fa00 doesn't match image /Users/henriqueferreira/Projects/Tutorials/XR Playground/unity/Library/ScriptAssemblies/UnityEditor.SpatialTracking.dll
Symbol file LoadedFromMemory is not a mono symbol file
Symbol file data-0x1281c0000 doesn't match image /Users/henriqueferreira/Projects/Tutorials/XR Playground/unity/Library/ScriptAssemblies/Unity.TestTools.CodeCoverage.Editor.dll
Symbol file LoadedFromMemory is not a mono symbol file
Symbol file data-0x147964400 doesn't match image /Users/henriqueferreira/Projects/Tutorials/XR Playground/unity/Library/ScriptAssemblies/Unity.XR.Oculus.dll
Symbol file LoadedFromMemory is not a mono symbol file
Symbol file data-0x147971200 doesn't match image /Users/henriqueferreira/Projects/Tutorials/XR Playground/unity/Library/ScriptAssemblies/Unity.VisualScripting.State.dll
Symbol file LoadedFromMemory is not a mono symbol file
Symbol file LoadedFromMemory doesn't match image /Users/henriqueferreira/Projects/Tutorials/XR Playground/unity/Library/PackageCache/com.unity.visualscripting@1.7.6/Editor/VisualScripting.Core/Dependencies/YamlDotNet/Unity.VisualScripting.YamlDotNet.dll
Symbol file LoadedFromMemory doesn't match image /Users/henriqueferreira/Projects/Tutorials/XR Playground/unity/Library/PackageCache/com.unity.visualscripting@1.7.6/Editor/VisualScripting.Core/Dependencies/DotNetZip/Unity.VisualScripting.IonicZip.dll
Native extension for OSXStandalone target not found
Native extension for WebGL target not found
Refreshing native plugins compatible for Editor in 0.48 ms, found 3 plugins.
Preloading 1 native plugins for Editor in 0.22 ms.
Mono: successfully reloaded assembly
- Completed reload, in  0.619 seconds
Domain Reload Profiling:
	ReloadAssembly (619ms)
		BeginReloadAssembly (74ms)
			ExecutionOrderSort (0ms)
			DisableScriptedObjects (3ms)
			BackupInstance (0ms)
			ReleaseScriptingObjects (0ms)
			CreateAndSetChildDomain (25ms)
		EndReloadAssembly (487ms)
			LoadAssemblies (34ms)
			RebuildTransferFunctionScriptingTraits (0ms)
			SetupTypeCache (179ms)
			ReleaseScriptCaches (1ms)
			RebuildScriptCaches (29ms)
			SetupLoadedEditorAssemblies (205ms)
				LogAssemblyErrors (0ms)
				InitializePlatformSupportModulesInManaged (5ms)
				SetLoadedEditorAssemblies (0ms)
				RefreshPlugins (1ms)
				BeforeProcessingInitializeOnLoad (40ms)
				ProcessInitializeOnLoadAttributes (146ms)
				ProcessInitializeOnLoadMethodAttributes (12ms)
				AfterProcessingInitializeOnLoad (1ms)
				EditorAssembliesLoaded (0ms)
			ExecutionOrderSort2 (0ms)
			AwakeInstancesAfterBackupRestoration (2ms)
Platform modules already initialized, skipping
Switching build target platform(2) subTarget(0) extendedPlatform(0) -> platform(13) subTarget(0) extendedPlatform(0)
Refreshing native plugins compatible for Editor in 0.40 ms, found 3 plugins.
Preloading 1 native plugins for Editor in 0.20 ms.
Unloading 3949 Unused Serialized files (Serialized files now loaded: 0)
Unloading 22 unused Assets / (22.0 KB). Loaded Objects now: 4435.
Memory consumption went from 251.4 MB to 251.3 MB.
Total: 2.244333 ms (FindLiveObjects: 0.123542 ms CreateObjectMapping: 0.049791 ms MarkObjects: 2.058667 ms  DeleteObjects: 0.011750 ms)

AssetImportParameters requested are different than current active one (requested -> active):
  custom:video-decoder-ogg-theora: a1e56fd34408186e4bbccfd4996cb3dc -> 
  custom:container-muxer-webm: aa71ff27fc2769a1b78a27578f13a17b -> 
  custom:container-demuxer-webm: 4f35f7cbe854078d1ac9338744f61a02 -> 
  custom:video-encoder-webm-vp8: eb34c28f22e8b96e1ab97ce403110664 -> 
  custom:framework-osx-AVFoundation: e770b220cccbd017edd2c1fefb359320 -> 
  custom:audio-encoder-webm-vorbis: bf7c407c2cedff20999df2af8eb42d56 -> 
  custom:container-demuxer-ogg: 62fdf1f143b41e24485cea50d1cbac27 -> 
  custom:video-decoder-webm-vp8: 9c59270c3fd7afecdb556c50c9e8de78 -> 
  custom:audio-decoder-ogg-vorbis: bf7c407c2cedff20999df2af8eb42d56 -> 
========================================================================
Received Import Request.
  Time since last request: 194.929312 seconds.
  path: Assets/Samples/WebXR Interactions/0.14.0-preview/Sample Scene
  artifactKey: Guid(1ca052ca539164cea9e43de509d5a0ce) Importer(815301076,1909f56bfc062723c751e8b465ee728b)
Start importing Assets/Samples/WebXR Interactions/0.14.0-preview/Sample Scene using Guid(1ca052ca539164cea9e43de509d5a0ce) Importer(815301076,1909f56bfc062723c751e8b465ee728b)  -> (artifact id: '597cfb0d552eefe0fdf567702c6c298e') in 0.004612 seconds 
========================================================================
Received Prepare
Refreshing native plugins compatible for Editor in 4.03 ms, found 3 plugins.
Preloading 1 native plugins for Editor in 0.18 ms.
Unloading 19 Unused Serialized files (Serialized files now loaded: 0)
Unloading 19 unused Assets / (21.9 KB). Loaded Objects now: 4435.
Memory consumption went from 172.8 MB to 172.8 MB.
Total: 3.830125 ms (FindLiveObjects: 0.193500 ms CreateObjectMapping: 0.049333 ms MarkObjects: 3.568917 ms  DeleteObjects: 0.018084 ms)

AssetImportParameters requested are different than current active one (requested -> active):
  custom:video-decoder-ogg-theora: a1e56fd34408186e4bbccfd4996cb3dc -> 
  custom:container-muxer-webm: aa71ff27fc2769a1b78a27578f13a17b -> 
  custom:container-demuxer-webm: 4f35f7cbe854078d1ac9338744f61a02 -> 
  custom:video-encoder-webm-vp8: eb34c28f22e8b96e1ab97ce403110664 -> 
  custom:framework-osx-AVFoundation: e770b220cccbd017edd2c1fefb359320 -> 
  custom:audio-encoder-webm-vorbis: bf7c407c2cedff20999df2af8eb42d56 -> 
  custom:container-demuxer-ogg: 62fdf1f143b41e24485cea50d1cbac27 -> 
  custom:video-decoder-webm-vp8: 9c59270c3fd7afecdb556c50c9e8de78 -> 
  custom:audio-decoder-ogg-vorbis: bf7c407c2cedff20999df2af8eb42d56 -> 
